<?xml version="1.0" encoding="UTF-8"?>
<!-- Generated by org.testng.reporters.JUnitReportReporter -->
<testsuite hostname="CB-36LWLN3" failures="0" tests="1" name="ThisIsGroupID.ThisIsArtifactID.SwipeDemo" time="5.313" errors="0" timestamp="2022-10-09T13:16:38 PST" skipped="0">
  <testcase classname="ThisIsGroupID.ThisIsArtifactID.SwipeDemo" name="SwipeDemoTest" time="5.313"/>
  <system-out/>
</testsuite> <!-- ThisIsGroupID.ThisIsArtifactID.SwipeDemo -->
