<?xml version="1.0" encoding="UTF-8"?>
<!-- Generated by org.testng.reporters.JUnitReportReporter -->
<testsuite hostname="CB-36LWLN3" failures="0" tests="1" name="ThisIsGroupID.ThisIsArtifactID.LongPress" time="6.177" errors="0" timestamp="2022-10-09T10:28:47 PST" skipped="0">
  <testcase classname="ThisIsGroupID.ThisIsArtifactID.LongPress" name="longPressGesture" time="6.177"/>
  <system-out/>
</testsuite> <!-- ThisIsGroupID.ThisIsArtifactID.LongPress -->
