<?xml version="1.0" encoding="UTF-8"?>
<!-- Generated by org.testng.reporters.JUnitReportReporter -->
<testsuite hostname="CB-36LWLN3" failures="0" tests="1" name="ThisIsGroupID.ThisIsArtifactID.DragDropDemo" time="6.415" errors="0" timestamp="2022-10-09T13:35:28 PST" skipped="0">
  <testcase classname="ThisIsGroupID.ThisIsArtifactID.DragDropDemo" name="DragDropDemoTest" time="6.415"/>
  <system-out/>
</testsuite> <!-- ThisIsGroupID.ThisIsArtifactID.DragDropDemo -->
