<?xml version="1.0" encoding="UTF-8"?>
<!-- Generated by org.testng.reporters.JUnitReportReporter -->
<testsuite hostname="CB-36LWLN3" failures="0" tests="1" name="ThisIsGroupID.ThisIsArtifactID.eCommerce_tc_3" time="20.081" errors="0" timestamp="2022-10-12T11:07:24 PST" skipped="0">
  <testcase classname="ThisIsGroupID.ThisIsArtifactID.eCommerce_tc_3" name="FillForm" time="20.081"/>
  <system-out/>
</testsuite> <!-- ThisIsGroupID.ThisIsArtifactID.eCommerce_tc_3 -->
