<?xml version="1.0" encoding="UTF-8"?>
<!-- Generated by org.testng.reporters.JUnitReportReporter -->
<testsuite hostname="CB-36LWLN3" failures="0" tests="1" name="ThisIsGroupID.ThisIsArtifactID.ScrollDemo" time="27.810" errors="0" timestamp="2022-10-09T11:36:32 PST" skipped="0">
  <testcase classname="ThisIsGroupID.ThisIsArtifactID.ScrollDemo" name="ScrollDemoTest" time="27.810"/>
  <system-out/>
</testsuite> <!-- ThisIsGroupID.ThisIsArtifactID.ScrollDemo -->
