<?xml version="1.0" encoding="UTF-8"?>
<!-- Generated by org.testng.reporters.JUnitReportReporter -->
<testsuite hostname="CB-36LWLN3" failures="0" tests="1" name="ThisIsGroupID.ThisIsArtifactID.MiscellaneousAppiumActions" time="9.341" errors="0" timestamp="2022-10-09T15:48:42 PST" skipped="0">
  <testcase classname="ThisIsGroupID.ThisIsArtifactID.MiscellaneousAppiumActions" name="MiscellaneousAppiumActionDemo" time="9.341"/>
  <system-out/>
</testsuite> <!-- ThisIsGroupID.ThisIsArtifactID.MiscellaneousAppiumActions -->
