<?xml version="1.0" encoding="UTF-8"?>
<!-- Generated by org.testng.reporters.JUnitReportReporter -->
<testsuite hostname="CB-36LWLN3" failures="0" tests="1" name="ThisIsGroupID.ThisIsArtifactID.TclFirmware" time="13.792" errors="0" timestamp="2022-10-18T14:43:07 PST" skipped="0">
  <testcase classname="ThisIsGroupID.ThisIsArtifactID.TclFirmware" name="LaunchSos" time="13.792"/>
  <system-out/>
</testsuite> <!-- ThisIsGroupID.ThisIsArtifactID.TclFirmware -->
