<?xml version="1.0" encoding="UTF-8"?>
<!-- Generated by org.testng.reporters.JUnitReportReporter -->
<testsuite hostname="CB-36LWLN3" failures="0" tests="1" name="ThisIsGroupID.ThisIsArtifactID.TclFwTestCase" time="24.668" errors="0" timestamp="2022-10-19T17:27:09 PST" skipped="0">
  <testcase classname="ThisIsGroupID.ThisIsArtifactID.TclFwTestCase" name="LaunchSos" time="24.668"/>
  <system-out/>
</testsuite> <!-- ThisIsGroupID.ThisIsArtifactID.TclFwTestCase -->
