<?xml version="1.0" encoding="UTF-8"?>
<!-- Generated by org.testng.reporters.JUnitReportReporter -->
<testsuite hostname="CB-36LWLN3" failures="0" tests="1" name="ThisIsGroupID.ThisIsArtifactID.eCommerce_tc_4_Hybrid" time="30.668" errors="0" timestamp="2022-10-13T15:20:26 PST" skipped="0">
  <testcase classname="ThisIsGroupID.ThisIsArtifactID.eCommerce_tc_4_Hybrid" name="FillForm" time="30.668"/>
  <system-out/>
</testsuite> <!-- ThisIsGroupID.ThisIsArtifactID.eCommerce_tc_4_Hybrid -->
